<?xml version="1.0" encoding="UTF-8"?>
<!-- Generated by org.testng.reporters.JUnitReportReporter -->
<testsuite hostname="DESKTOP-QCUCAA8" name="homepageTests.HomepageTests" tests="1" failures="0" timestamp="7 Feb 2020 11:47:30 GMT" time="9.790" errors="0">
  <testcase name="VerificationTest" time="9.790" classname="homepageTests.HomepageTests"/>
</testsuite> <!-- homepageTests.HomepageTests -->
